f:\coding\clang\信息系统框架集成第三方产品案例\信息系统框架集成第三方产品案例\debug\vc140.pdb
f:\coding\clang\信息系统框架集成第三方产品案例\信息系统框架集成第三方产品案例\debug\vc140.idb
f:\coding\clang\信息系统框架集成第三方产品案例\信息系统框架集成第三方产品案例\debug\mainclass.obj
f:\coding\clang\信息系统框架集成第三方产品案例\信息系统框架集成第三方产品案例\debug\csckfactorytmp1.obj
f:\coding\clang\信息系统框架集成第三方产品案例\信息系统框架集成第三方产品案例\debug\cencdesprotocol.obj
f:\coding\clang\信息系统框架集成第三方产品案例\信息系统框架集成第三方产品案例\debug\csckfactorytmp2.obj
f:\coding\clang\信息系统框架集成第三方产品案例\信息系统框架集成第三方产品案例\debug\hwencdec.obj
f:\coding\clang\信息系统框架集成第三方产品案例\信息系统框架集成第三方产品案例\debug\des.obj
f:\coding\clang\信息系统框架集成第三方产品案例\信息系统框架集成第三方产品案例\debug\mainclass01.obj
f:\coding\clang\信息系统框架集成第三方产品案例\信息系统框架集成第三方产品案例\debug\mainclass01完成socket抽象类的集成.obj
f:\coding\clang\信息系统框架集成第三方产品案例\debug\信息系统框架集成第三方产品案例.ilk
f:\coding\clang\信息系统框架集成第三方产品案例\debug\信息系统框架集成第三方产品案例.exe
f:\coding\clang\信息系统框架集成第三方产品案例\debug\信息系统框架集成第三方产品案例.pdb
f:\coding\clang\信息系统框架集成第三方产品案例\信息系统框架集成第三方产品案例\debug\信息系统框架集成第三方产品案例.tlog\cl.command.1.tlog
f:\coding\clang\信息系统框架集成第三方产品案例\信息系统框架集成第三方产品案例\debug\信息系统框架集成第三方产品案例.tlog\cl.read.1.tlog
f:\coding\clang\信息系统框架集成第三方产品案例\信息系统框架集成第三方产品案例\debug\信息系统框架集成第三方产品案例.tlog\cl.write.1.tlog
f:\coding\clang\信息系统框架集成第三方产品案例\信息系统框架集成第三方产品案例\debug\信息系统框架集成第三方产品案例.tlog\link.7572-cvtres.read.1.tlog
f:\coding\clang\信息系统框架集成第三方产品案例\信息系统框架集成第三方产品案例\debug\信息系统框架集成第三方产品案例.tlog\link.7572-cvtres.write.1.tlog
f:\coding\clang\信息系统框架集成第三方产品案例\信息系统框架集成第三方产品案例\debug\信息系统框架集成第三方产品案例.tlog\link.7572-rc.read.1.tlog
f:\coding\clang\信息系统框架集成第三方产品案例\信息系统框架集成第三方产品案例\debug\信息系统框架集成第三方产品案例.tlog\link.7572-rc.write.1.tlog
f:\coding\clang\信息系统框架集成第三方产品案例\信息系统框架集成第三方产品案例\debug\信息系统框架集成第三方产品案例.tlog\link.7572.read.1.tlog
f:\coding\clang\信息系统框架集成第三方产品案例\信息系统框架集成第三方产品案例\debug\信息系统框架集成第三方产品案例.tlog\link.7572.write.1.tlog
f:\coding\clang\信息系统框架集成第三方产品案例\信息系统框架集成第三方产品案例\debug\信息系统框架集成第三方产品案例.tlog\link.command.1.tlog
f:\coding\clang\信息系统框架集成第三方产品案例\信息系统框架集成第三方产品案例\debug\信息系统框架集成第三方产品案例.tlog\link.read.1.tlog
f:\coding\clang\信息系统框架集成第三方产品案例\信息系统框架集成第三方产品案例\debug\信息系统框架集成第三方产品案例.tlog\link.write.1.tlog
